#
# There is insufficient memory for the Java Runtime Environment to continue.
# Native memory allocation (malloc) failed to allocate 1048576 bytes for AllocateHeap
# Possible reasons:
#   The system is out of physical RAM or swap space
#   In 32 bit mode, the process size limit was hit
# Possible solutions:
#   Reduce memory load on the system
#   Increase physical memory or swap space
#   Check if swap backing store is full
#   Use 64 bit Java on a 64 bit OS
#   Decrease Java heap size (-Xmx/-Xms)
#   Decrease number of Java threads
#   Decrease Java thread stack sizes (-Xss)
#   Set larger code cache with -XX:ReservedCodeCacheSize=
# This output file may be truncated or incomplete.
#
#  Out of Memory Error (memory/allocation.inline.hpp:61), pid=12836, tid=5676
#
# JRE version:  (8.0_73-b02) (build )
# Java VM: Java HotSpot(TM) 64-Bit Server VM (25.73-b02 mixed mode windows-amd64 compressed oops)
# Failed to write core dump. Minidumps are not enabled by default on client versions of Windows
#

---------------  T H R E A D  ---------------

Current thread (0x000000000059d800):  JavaThread "Unknown thread" [_thread_in_vm, id=5676, stack(0x00000000021a0000,0x00000000022a0000)]

Stack: [0x00000000021a0000,0x00000000022a0000]
[error occurred during error reporting (printing stack bounds), id 0xc0000005]

Native frames: (J=compiled Java code, j=interpreted, Vv=VM code, C=native code)


---------------  P R O C E S S  ---------------

Java Threads: ( => current thread )

Other Threads:

=>0x000000000059d800 (exited) JavaThread "Unknown thread" [_thread_in_vm, id=5676, stack(0x00000000021a0000,0x00000000022a0000)]

VM state:not at safepoint (normal execution)

VM Mutex/Monitor currently owned by a thread: None

Heap:
 PSYoungGen      total 18944K, used 327K [0x00000000eab00000, 0x00000000ec000000, 0x0000000100000000)
  eden space 16384K, 2% used [0x00000000eab00000,0x00000000eab51ec8,0x00000000ebb00000)
  from space 2560K, 0% used [0x00000000ebd80000,0x00000000ebd80000,0x00000000ec000000)
  to   space 2560K, 0% used [0x00000000ebb00000,0x00000000ebb00000,0x00000000ebd80000)
 ParOldGen       total 44032K, used 0K [0x00000000c0000000, 0x00000000c2b00000, 0x00000000eab00000)
  object space 44032K, 0% used [0x00000000c0000000,0x00000000c0000000,0x00000000c2b00000)
 Metaspace       used 769K, capacity 4480K, committed 4480K, reserved 1056768K
  class space    used 75K, capacity 384K, committed 384K, reserved 1048576K

Card table byte_map: [0x0000000011760000,0x0000000011970000] byte_map_base: 0x0000000011160000

Marking Bits: (ParMarkBitMap*) 0x0000000064ed0600
 Begin Bits: [0x00000000122d0000, 0x00000000132d0000)
 End Bits:   [0x00000000132d0000, 0x00000000142d0000)

Polling page: 0x0000000000510000

CodeCache: size=245760Kb used=327Kb max_used=327Kb free=245432Kb
 bounds [0x00000000023a0000, 0x0000000002610000, 0x00000000113a0000]
 total_blobs=56 nmethods=0 adapters=37
 compilation: enabled

Compilation events (0 events):
No events

GC Heap History (0 events):
No events

Deoptimization events (0 events):
No events

Internal exceptions (0 events):
No events

Events (10 events):
Event: 0.137 loading class java/lang/Short
Event: 0.137 loading class java/lang/Short done
Event: 0.137 loading class java/lang/Integer
Event: 0.137 loading class java/lang/Integer done
Event: 0.137 loading class java/lang/Long
Event: 0.137 loading class java/lang/Long done
Event: 0.139 loading class java/lang/NullPointerException
Event: 0.139 loading class java/lang/NullPointerException done
Event: 0.139 loading class java/lang/ArithmeticException
Event: 0.139 loading class java/lang/ArithmeticException done


Dynamic libraries:
0x00007ff65c770000 - 0x00007ff65c7a7000 	C:\Program Files\Java\jdk1.8.0_73\bin\java.exe
0x00007ff964510000 - 0x00007ff9646d1000 	C:\WINDOWS\SYSTEM32\ntdll.dll
0x00007ff962700000 - 0x00007ff9627ad000 	C:\WINDOWS\system32\KERNEL32.DLL
0x00007ff961700000 - 0x00007ff9618e8000 	C:\WINDOWS\system32\KERNELBASE.dll
0x00007ff962c20000 - 0x00007ff962cc7000 	C:\WINDOWS\system32\ADVAPI32.dll
0x00007ff964450000 - 0x00007ff9644ed000 	C:\WINDOWS\system32\msvcrt.dll
0x00007ff962530000 - 0x00007ff96258b000 	C:\WINDOWS\system32\sechost.dll
0x00007ff961930000 - 0x00007ff961a4c000 	C:\WINDOWS\system32\RPCRT4.dll
0x00007ff962590000 - 0x00007ff9626e6000 	C:\WINDOWS\system32\USER32.dll
0x00007ff961b10000 - 0x00007ff961c96000 	C:\WINDOWS\system32\GDI32.dll
0x00007ff950ae0000 - 0x00007ff950d54000 	C:\WINDOWS\WinSxS\amd64_microsoft.windows.common-controls_6595b64144ccf1df_6.0.10586.0_none_8c15ae12515e1c22\COMCTL32.dll
0x00007ff9622b0000 - 0x00007ff96252d000 	C:\WINDOWS\system32\combase.dll
0x00007ff9611f0000 - 0x00007ff96125a000 	C:\WINDOWS\system32\bcryptPrimitives.dll
0x00007ff9618f0000 - 0x00007ff96192b000 	C:\WINDOWS\system32\IMM32.DLL
0x0000000064240000 - 0x0000000064312000 	C:\Program Files\Java\jdk1.8.0_73\jre\bin\msvcr100.dll
0x00000000646c0000 - 0x0000000064f50000 	C:\Program Files\Java\jdk1.8.0_73\jre\bin\server\jvm.dll
0x00007ff961b00000 - 0x00007ff961b08000 	C:\WINDOWS\system32\PSAPI.DLL
0x00007ff95b140000 - 0x00007ff95b14a000 	C:\WINDOWS\SYSTEM32\VERSION.dll
0x00007ff956ad0000 - 0x00007ff956ad9000 	C:\WINDOWS\SYSTEM32\WSOCK32.dll
0x00007ff95f010000 - 0x00007ff95f033000 	C:\WINDOWS\SYSTEM32\WINMM.dll
0x00007ff962cd0000 - 0x00007ff962d3b000 	C:\WINDOWS\system32\WS2_32.dll
0x0000000002110000 - 0x000000000213c000 	C:\WINDOWS\SYSTEM32\WINMMBASE.dll
0x00007ff9616b0000 - 0x00007ff9616f3000 	C:\WINDOWS\system32\cfgmgr32.dll
0x00000000646b0000 - 0x00000000646bf000 	C:\Program Files\Java\jdk1.8.0_73\jre\bin\verify.dll
0x0000000064680000 - 0x00000000646a9000 	C:\Program Files\Java\jdk1.8.0_73\jre\bin\java.dll
0x0000000064660000 - 0x0000000064676000 	C:\Program Files\Java\jdk1.8.0_73\jre\bin\zip.dll

VM Arguments:
jvm_args: -Djava.awt.headless=true -Xmx1024M -Dfile.encoding=windows-1252 -Duser.country=AT -Duser.language=de -Duser.variant 
java_command: com.android.dx.command.Main --dex --num-threads=4 --output C:\Users\Pawely\AndroidStudioProjects\Tasbeha\app\build\intermediates\pre-dexed\debug\com.android.support-recyclerview-v7-24.0.0_802a9d9173dbd51906d98acd9277678ca5bc586b.jar C:\Users\Pawely\AndroidStudioProjects\Tasbeha\app\build\intermediates\exploded-aar\com.android.support\recyclerview-v7\24.0.0\jars\classes.jar
java_class_path (initial): C:\Users\Pawely\AppData\Local\Android\sdk\build-tools\24.0.0\lib\dx.jar
Launcher Type: SUN_STANDARD

Environment Variables:
PATH=C:\Program Files\Common Files\Microsoft Shared\Windows Live;C:\Program Files (x86)\Common Files\Microsoft Shared\Windows Live;C:\ProgramData\Oracle\Java\javapath;C:\Program Files (x86)\Java\jre1.8.0_51\bin;C:\Program Files (x86)\AMD APP\bin\x86_64;C:\Program Files (x86)\AMD APP\bin\x86;C:\WINDOWS\system32;C:\WINDOWS;C:\WINDOWS\System32\Wbem;C:\WINDOWS\System32\WindowsPowerShell\v1.0\;C:\Program Files (x86)\ATI Technologies\ATI.ACE\Core-Static;C:\Program Files (x86)\Windows Live\Shared;C:\WINDOWS\system32\config\systemprofile\.dnx\bin;C:\Program Files\Microsoft DNX\Dnvm\;C:\WINDOWS\System32\WindowsPowerShell\v1.0\;C:\Program Files\nodejs\;C:\Program Files\Git\cmd;C:\Program Files\Microsoft SQL Server\120\Tools\Binn\;C:\Program Files (x86)\Skype\Phone\;C:\Program Files\Microsoft SQL Server\110\Tools\Binn\;C:\Program Files\Microsoft SQL Server\130\Tools\Binn\;C:\Program Files (x86)\Windows Kits\10\Windows Performance Toolkit\;C:\Users\Pawely\AppData\Local\Programs\Python\Python35-32\Scripts\;C:\Users\Pawely\AppData\Local\Programs\Python\Python35-32\;C:\Users\Pawely\.dnx\bin;C:\Program Files (x86)\Microsoft VS Code\bin;C:\Users\Pawely\AppData\Roaming\npm
USERNAME=Pawely
OS=Windows_NT
PROCESSOR_IDENTIFIER=Intel64 Family 6 Model 30 Stepping 5, GenuineIntel



---------------  S Y S T E M  ---------------

OS: Windows 10.0 , 64 bit Build 10586 (10.0.10586.0)

CPU:total 8 (4 cores per cpu, 2 threads per core) family 6 model 30 stepping 5, cmov, cx8, fxsr, mmx, sse, sse2, sse3, ssse3, sse4.1, sse4.2, popcnt, ht, tsc, tscinvbit

Memory: 4k page, physical 4117000k(557912k free), swap 8311304k(15188k free)

vm_info: Java HotSpot(TM) 64-Bit Server VM (25.73-b02) for windows-amd64 JRE (1.8.0_73-b02), built on Jan 29 2016 17:38:49 by "java_re" with MS VC++ 10.0 (VS2010)

time: Sat Jul 09 23:37:06 2016
elapsed time: 2 seconds (0d 0h 0m 2s)

